15 Nov 2021 | 08:16:55,240 | INFO  | main | bootLogger |     | SmartFoxServer 2X
15 Nov 2021 | 08:16:55,251 | INFO  | main | bootLogger |     | BitSwarmEngine version: 3.71.0 { main }
15 Nov 2021 | 08:16:55,252 | INFO  | main | bootLogger |     | System Info:
	Processor(s): 12
	VM Max. memory: 3806MB
	os.name: Windows 10
	os.arch: amd64
	os.version: 10.0
	java.version: 1.8.0_232
	java.vendor: AdoptOpenJDK
	java.vendor.url: http://java.oracle.com/
	java.vm.specification.version: 1.8
	java.vm.version: 25.232-b09
	java.vm.vendor: 
	java.vm.name: OpenJDK 64-Bit Server VM
	java.io.tmpdir: C:\Users\Vesper\AppData\Local\Temp\
	Default charset: UTF-8

15 Nov 2021 | 08:16:55,350 | INFO  | main | bootLogger |     | Network Info:
	Card: Software Loopback Interface 1
		 ->127.0.0.1
		 ->0:0:0:0:0:0:0:1
	Card: Microsoft 6to4 Adapter
	Card: WAN Miniport (IP)
	Card: WAN Miniport (Network Monitor)
	Card: WAN Miniport (L2TP)
	Card: Microsoft IP-HTTPS Platform Adapter
	Card: Microsoft Kernel Debug Network Adapter
	Card: WAN Miniport (PPPOE)
	Card: LogMeIn Hamachi Virtual Ethernet Adapter
	Card: Microsoft Wi-Fi Direct Virtual Adapter
		 ->fe80:0:0:0:64d5:f867:b625:4b2b%wlan0
	Card: Microsoft Teredo Tunneling Adapter
	Card: Intel(R) Wireless-AC 9260 160MHz
		 ->fe80:0:0:0:c5ed:7072:f4f6:b44a%wlan1
	Card: WAN Miniport (IKEv2)
	Card: WAN Miniport (SSTP)
	Card: WAN Miniport (IPv6)
	Card: Bluetooth Device (Personal Area Network)
	Card: Intel(R) I211 Gigabit Network Connection
		 ->10.169.199.122
		 ->fe80:0:0:0:1033:715:660f:d65c%eth6
	Card: Microsoft Wi-Fi Direct Virtual Adapter #2
		 ->fe80:0:0:0:745e:97ab:aef7:57c5%wlan2
	Card: WAN Miniport (PPTP)
	Card: Intel(R) I211 Gigabit Network Connection-WFP Native MAC Layer LightWeight Filter-0000
	Card: Intel(R) I211 Gigabit Network Connection-QoS Packet Scheduler-0000
	Card: Intel(R) I211 Gigabit Network Connection-WFP 802.3 MAC Layer LightWeight Filter-0000
	Card: Intel(R) Wireless-AC 9260 160MHz-WFP Native MAC Layer LightWeight Filter-0000
	Card: Intel(R) Wireless-AC 9260 160MHz-Virtual WiFi Filter Driver-0000
	Card: Intel(R) Wireless-AC 9260 160MHz-Native WiFi Filter Driver-0000
	Card: Intel(R) Wireless-AC 9260 160MHz-QoS Packet Scheduler-0000
	Card: Intel(R) Wireless-AC 9260 160MHz-WFP 802.3 MAC Layer LightWeight Filter-0000
	Card: Microsoft Wi-Fi Direct Virtual Adapter-WFP Native MAC Layer LightWeight Filter-0000
	Card: Microsoft Wi-Fi Direct Virtual Adapter-Native WiFi Filter Driver-0000
	Card: Microsoft Wi-Fi Direct Virtual Adapter-QoS Packet Scheduler-0000
	Card: Microsoft Wi-Fi Direct Virtual Adapter-WFP 802.3 MAC Layer LightWeight Filter-0000
	Card: WAN Miniport (IP)-WFP Native MAC Layer LightWeight Filter-0000
	Card: WAN Miniport (IP)-QoS Packet Scheduler-0000
	Card: WAN Miniport (IPv6)-WFP Native MAC Layer LightWeight Filter-0000
	Card: WAN Miniport (IPv6)-QoS Packet Scheduler-0000
	Card: WAN Miniport (Network Monitor)-WFP Native MAC Layer LightWeight Filter-0000
	Card: WAN Miniport (Network Monitor)-QoS Packet Scheduler-0000
	Card: Microsoft Wi-Fi Direct Virtual Adapter #2-WFP Native MAC Layer LightWeight Filter-0000
	Card: Microsoft Wi-Fi Direct Virtual Adapter #2-Native WiFi Filter Driver-0000
	Card: Microsoft Wi-Fi Direct Virtual Adapter #2-QoS Packet Scheduler-0000
	Card: Microsoft Wi-Fi Direct Virtual Adapter #2-WFP 802.3 MAC Layer LightWeight Filter-0000

15 Nov 2021 | 08:16:55,354 | INFO  | main | bootLogger |     | Session manager ready: com.smartfoxserver.bitswarm.sessions.DefaultSessionManager@742ff096
15 Nov 2021 | 08:16:55,487 | INFO  | main | bootLogger |     | TCP Selector opened
15 Nov 2021 | 08:16:55,493 | INFO  | main | bootLogger |     | UDP Selector opened
15 Nov 2021 | 08:16:55,497 | INFO  | main | bootLogger |     | AcceptSelector opened
15 Nov 2021 | 08:16:55,497 | INFO  | main | bootLogger |     | DatagramChannel cache size: 80
15 Nov 2021 | 08:16:55,502 | INFO  | main | bootLogger |     | Added bound tcp socket --> 0.0.0.0:9933
15 Nov 2021 | 08:16:55,508 | INFO  | main | bootLogger |     | Added bound udp socket --> 127.0.0.1:9933
15 Nov 2021 | 08:16:55,509 | INFO  | main | bootLogger |     | Controller started: com.smartfoxserver.v2.controllers.v290.SystemReqController 
15 Nov 2021 | 08:16:55,509 | INFO  | main | bootLogger |     | Controller started: com.smartfoxserver.v2.controllers.v290.ExtensionReqController 
15 Nov 2021 | 08:16:55,509 | INFO  | Scheduler1-thread-1 | bootLogger |     | Scheduler started: scheduler
15 Nov 2021 | 08:16:55,509 | INFO  | main | bootLogger |     | Controller started: com.smartfoxserver.v2.controllers.v290.SmasherReqController 
15 Nov 2021 | 08:16:55,518 | INFO  | main | bootLogger |     | SocketWriter v3 started (TCP pool size: 3, UDP pool size: 3 
15 Nov 2021 | 08:16:55,519 | INFO  | main | bootLogger |     | Security Manager started
15 Nov 2021 | 08:16:55,521 | INFO  | main | bootLogger |     | DatagramReader started
15 Nov 2021 | 08:16:55,521 | INFO  | main | bootLogger |     | IOHandler: com.smartfoxserver.v2.protocol.SFSIoHandler@387a8303
15 Nov 2021 | 08:16:55,521 | INFO  | main | bootLogger |     | SocketReader started
15 Nov 2021 | 08:16:55,521 | INFO  | main | bootLogger |     | SocketAcceptor initialized
15 Nov 2021 | 08:16:55,521 | INFO  | main | bootLogger |     | [[[ ===--- Boot sequence complete ---=== ]]]
15 Nov 2021 | 15:26:41,967 | INFO  | main | bootLogger |     | SmartFoxServer 2X
15 Nov 2021 | 15:26:41,968 | INFO  | main | bootLogger |     | BitSwarmEngine version: 3.71.0 { main }
15 Nov 2021 | 15:26:41,968 | INFO  | main | bootLogger |     | System Info:
	Processor(s): 12
	VM Max. memory: 3806MB
	os.name: Windows 10
	os.arch: amd64
	os.version: 10.0
	java.version: 1.8.0_232
	java.vendor: AdoptOpenJDK
	java.vendor.url: http://java.oracle.com/
	java.vm.specification.version: 1.8
	java.vm.version: 25.232-b09
	java.vm.vendor: 
	java.vm.name: OpenJDK 64-Bit Server VM
	java.io.tmpdir: C:\Users\Vesper\AppData\Local\Temp\
	Default charset: UTF-8

15 Nov 2021 | 15:26:42,057 | INFO  | main | bootLogger |     | Network Info:
	Card: Software Loopback Interface 1
		 ->127.0.0.1
		 ->0:0:0:0:0:0:0:1
	Card: Microsoft 6to4 Adapter
	Card: WAN Miniport (IP)
	Card: WAN Miniport (Network Monitor)
	Card: WAN Miniport (L2TP)
	Card: Microsoft IP-HTTPS Platform Adapter
	Card: Microsoft Kernel Debug Network Adapter
	Card: WAN Miniport (PPPOE)
	Card: LogMeIn Hamachi Virtual Ethernet Adapter
	Card: Microsoft Wi-Fi Direct Virtual Adapter
		 ->fe80:0:0:0:64d5:f867:b625:4b2b%wlan0
	Card: Microsoft Teredo Tunneling Adapter
	Card: Intel(R) Wireless-AC 9260 160MHz
		 ->fe80:0:0:0:c5ed:7072:f4f6:b44a%wlan1
	Card: WAN Miniport (IKEv2)
	Card: WAN Miniport (SSTP)
	Card: WAN Miniport (IPv6)
	Card: Bluetooth Device (Personal Area Network)
	Card: Intel(R) I211 Gigabit Network Connection
		 ->10.169.199.122
		 ->fe80:0:0:0:1033:715:660f:d65c%eth6
	Card: Microsoft Wi-Fi Direct Virtual Adapter #2
		 ->fe80:0:0:0:745e:97ab:aef7:57c5%wlan2
	Card: WAN Miniport (PPTP)
	Card: Intel(R) I211 Gigabit Network Connection-WFP Native MAC Layer LightWeight Filter-0000
	Card: Intel(R) I211 Gigabit Network Connection-QoS Packet Scheduler-0000
	Card: Intel(R) I211 Gigabit Network Connection-WFP 802.3 MAC Layer LightWeight Filter-0000
	Card: Intel(R) Wireless-AC 9260 160MHz-WFP Native MAC Layer LightWeight Filter-0000
	Card: Intel(R) Wireless-AC 9260 160MHz-Virtual WiFi Filter Driver-0000
	Card: Intel(R) Wireless-AC 9260 160MHz-Native WiFi Filter Driver-0000
	Card: Intel(R) Wireless-AC 9260 160MHz-QoS Packet Scheduler-0000
	Card: Intel(R) Wireless-AC 9260 160MHz-WFP 802.3 MAC Layer LightWeight Filter-0000
	Card: Microsoft Wi-Fi Direct Virtual Adapter-WFP Native MAC Layer LightWeight Filter-0000
	Card: Microsoft Wi-Fi Direct Virtual Adapter-Native WiFi Filter Driver-0000
	Card: Microsoft Wi-Fi Direct Virtual Adapter-QoS Packet Scheduler-0000
	Card: Microsoft Wi-Fi Direct Virtual Adapter-WFP 802.3 MAC Layer LightWeight Filter-0000
	Card: WAN Miniport (IP)-WFP Native MAC Layer LightWeight Filter-0000
	Card: WAN Miniport (IP)-QoS Packet Scheduler-0000
	Card: WAN Miniport (IPv6)-WFP Native MAC Layer LightWeight Filter-0000
	Card: WAN Miniport (IPv6)-QoS Packet Scheduler-0000
	Card: WAN Miniport (Network Monitor)-WFP Native MAC Layer LightWeight Filter-0000
	Card: WAN Miniport (Network Monitor)-QoS Packet Scheduler-0000
	Card: Microsoft Wi-Fi Direct Virtual Adapter #2-WFP Native MAC Layer LightWeight Filter-0000
	Card: Microsoft Wi-Fi Direct Virtual Adapter #2-Native WiFi Filter Driver-0000
	Card: Microsoft Wi-Fi Direct Virtual Adapter #2-QoS Packet Scheduler-0000
	Card: Microsoft Wi-Fi Direct Virtual Adapter #2-WFP 802.3 MAC Layer LightWeight Filter-0000

15 Nov 2021 | 15:26:42,061 | INFO  | main | bootLogger |     | Session manager ready: com.smartfoxserver.bitswarm.sessions.DefaultSessionManager@350aac89
15 Nov 2021 | 15:26:42,177 | INFO  | main | bootLogger |     | TCP Selector opened
15 Nov 2021 | 15:26:42,181 | INFO  | main | bootLogger |     | UDP Selector opened
15 Nov 2021 | 15:26:42,184 | INFO  | main | bootLogger |     | AcceptSelector opened
15 Nov 2021 | 15:26:42,184 | INFO  | main | bootLogger |     | DatagramChannel cache size: 80
15 Nov 2021 | 15:26:42,187 | INFO  | main | bootLogger |     | Added bound tcp socket --> 0.0.0.0:9933
15 Nov 2021 | 15:26:42,193 | INFO  | main | bootLogger |     | Added bound udp socket --> 127.0.0.1:9933
15 Nov 2021 | 15:26:42,194 | INFO  | main | bootLogger |     | Controller started: com.smartfoxserver.v2.controllers.v290.SystemReqController 
15 Nov 2021 | 15:26:42,194 | INFO  | Scheduler1-thread-1 | bootLogger |     | Scheduler started: scheduler
15 Nov 2021 | 15:26:42,194 | INFO  | main | bootLogger |     | Controller started: com.smartfoxserver.v2.controllers.v290.ExtensionReqController 
15 Nov 2021 | 15:26:42,194 | INFO  | main | bootLogger |     | Controller started: com.smartfoxserver.v2.controllers.v290.SmasherReqController 
15 Nov 2021 | 15:26:42,201 | INFO  | main | bootLogger |     | SocketWriter v3 started (TCP pool size: 3, UDP pool size: 3 
15 Nov 2021 | 15:26:42,202 | INFO  | main | bootLogger |     | Security Manager started
15 Nov 2021 | 15:26:42,203 | INFO  | main | bootLogger |     | DatagramReader started
15 Nov 2021 | 15:26:42,204 | INFO  | main | bootLogger |     | IOHandler: com.smartfoxserver.v2.protocol.SFSIoHandler@1500b2f3
15 Nov 2021 | 15:26:42,204 | INFO  | main | bootLogger |     | SocketReader started
15 Nov 2021 | 15:26:42,204 | INFO  | main | bootLogger |     | SocketAcceptor initialized
15 Nov 2021 | 15:26:42,204 | INFO  | main | bootLogger |     | [[[ ===--- Boot sequence complete ---=== ]]]
15 Nov 2021 | 15:49:07,338 | INFO  | main | bootLogger |     | SmartFoxServer 2X
15 Nov 2021 | 15:49:07,339 | INFO  | main | bootLogger |     | BitSwarmEngine version: 3.71.0 { main }
15 Nov 2021 | 15:49:07,340 | INFO  | main | bootLogger |     | System Info:
	Processor(s): 12
	VM Max. memory: 3806MB
	os.name: Windows 10
	os.arch: amd64
	os.version: 10.0
	java.version: 1.8.0_232
	java.vendor: AdoptOpenJDK
	java.vendor.url: http://java.oracle.com/
	java.vm.specification.version: 1.8
	java.vm.version: 25.232-b09
	java.vm.vendor: 
	java.vm.name: OpenJDK 64-Bit Server VM
	java.io.tmpdir: C:\Users\Vesper\AppData\Local\Temp\
	Default charset: UTF-8

15 Nov 2021 | 15:49:07,455 | INFO  | main | bootLogger |     | Network Info:
	Card: Software Loopback Interface 1
		 ->127.0.0.1
		 ->0:0:0:0:0:0:0:1
	Card: Microsoft 6to4 Adapter
	Card: WAN Miniport (IP)
	Card: WAN Miniport (Network Monitor)
	Card: WAN Miniport (L2TP)
	Card: Microsoft IP-HTTPS Platform Adapter
	Card: Microsoft Kernel Debug Network Adapter
	Card: WAN Miniport (PPPOE)
	Card: LogMeIn Hamachi Virtual Ethernet Adapter
	Card: Microsoft Wi-Fi Direct Virtual Adapter
		 ->fe80:0:0:0:64d5:f867:b625:4b2b%wlan0
	Card: Microsoft Teredo Tunneling Adapter
	Card: Intel(R) Wireless-AC 9260 160MHz
		 ->fe80:0:0:0:c5ed:7072:f4f6:b44a%wlan1
	Card: WAN Miniport (IKEv2)
	Card: WAN Miniport (SSTP)
	Card: WAN Miniport (IPv6)
	Card: Bluetooth Device (Personal Area Network)
	Card: Intel(R) I211 Gigabit Network Connection
		 ->10.169.199.122
		 ->fe80:0:0:0:1033:715:660f:d65c%eth6
	Card: Microsoft Wi-Fi Direct Virtual Adapter #2
		 ->fe80:0:0:0:745e:97ab:aef7:57c5%wlan2
	Card: WAN Miniport (PPTP)
	Card: Intel(R) I211 Gigabit Network Connection-WFP Native MAC Layer LightWeight Filter-0000
	Card: Intel(R) I211 Gigabit Network Connection-QoS Packet Scheduler-0000
	Card: Intel(R) I211 Gigabit Network Connection-WFP 802.3 MAC Layer LightWeight Filter-0000
	Card: Intel(R) Wireless-AC 9260 160MHz-WFP Native MAC Layer LightWeight Filter-0000
	Card: Intel(R) Wireless-AC 9260 160MHz-Virtual WiFi Filter Driver-0000
	Card: Intel(R) Wireless-AC 9260 160MHz-Native WiFi Filter Driver-0000
	Card: Intel(R) Wireless-AC 9260 160MHz-QoS Packet Scheduler-0000
	Card: Intel(R) Wireless-AC 9260 160MHz-WFP 802.3 MAC Layer LightWeight Filter-0000
	Card: Microsoft Wi-Fi Direct Virtual Adapter-WFP Native MAC Layer LightWeight Filter-0000
	Card: Microsoft Wi-Fi Direct Virtual Adapter-Native WiFi Filter Driver-0000
	Card: Microsoft Wi-Fi Direct Virtual Adapter-QoS Packet Scheduler-0000
	Card: Microsoft Wi-Fi Direct Virtual Adapter-WFP 802.3 MAC Layer LightWeight Filter-0000
	Card: WAN Miniport (IP)-WFP Native MAC Layer LightWeight Filter-0000
	Card: WAN Miniport (IP)-QoS Packet Scheduler-0000
	Card: WAN Miniport (IPv6)-WFP Native MAC Layer LightWeight Filter-0000
	Card: WAN Miniport (IPv6)-QoS Packet Scheduler-0000
	Card: WAN Miniport (Network Monitor)-WFP Native MAC Layer LightWeight Filter-0000
	Card: WAN Miniport (Network Monitor)-QoS Packet Scheduler-0000
	Card: Microsoft Wi-Fi Direct Virtual Adapter #2-WFP Native MAC Layer LightWeight Filter-0000
	Card: Microsoft Wi-Fi Direct Virtual Adapter #2-Native WiFi Filter Driver-0000
	Card: Microsoft Wi-Fi Direct Virtual Adapter #2-QoS Packet Scheduler-0000
	Card: Microsoft Wi-Fi Direct Virtual Adapter #2-WFP 802.3 MAC Layer LightWeight Filter-0000

15 Nov 2021 | 15:49:07,459 | INFO  | main | bootLogger |     | Session manager ready: com.smartfoxserver.bitswarm.sessions.DefaultSessionManager@350aac89
15 Nov 2021 | 15:49:07,598 | INFO  | main | bootLogger |     | TCP Selector opened
15 Nov 2021 | 15:49:07,603 | INFO  | main | bootLogger |     | UDP Selector opened
15 Nov 2021 | 15:49:07,607 | INFO  | main | bootLogger |     | AcceptSelector opened
15 Nov 2021 | 15:49:07,607 | INFO  | main | bootLogger |     | DatagramChannel cache size: 80
15 Nov 2021 | 15:49:07,611 | INFO  | main | bootLogger |     | Added bound tcp socket --> 0.0.0.0:9933
15 Nov 2021 | 15:49:07,618 | INFO  | main | bootLogger |     | Added bound udp socket --> 127.0.0.1:9933
15 Nov 2021 | 15:49:07,618 | INFO  | main | bootLogger |     | Controller started: com.smartfoxserver.v2.controllers.v290.SystemReqController 
15 Nov 2021 | 15:49:07,618 | INFO  | Scheduler1-thread-1 | bootLogger |     | Scheduler started: scheduler
15 Nov 2021 | 15:49:07,618 | INFO  | main | bootLogger |     | Controller started: com.smartfoxserver.v2.controllers.v290.ExtensionReqController 
15 Nov 2021 | 15:49:07,619 | INFO  | main | bootLogger |     | Controller started: com.smartfoxserver.v2.controllers.v290.SmasherReqController 
15 Nov 2021 | 15:49:07,628 | INFO  | main | bootLogger |     | SocketWriter v3 started (TCP pool size: 3, UDP pool size: 3 
15 Nov 2021 | 15:49:07,629 | INFO  | main | bootLogger |     | Security Manager started
15 Nov 2021 | 15:49:07,630 | INFO  | main | bootLogger |     | DatagramReader started
15 Nov 2021 | 15:49:07,631 | INFO  | main | bootLogger |     | IOHandler: com.smartfoxserver.v2.protocol.SFSIoHandler@1500b2f3
15 Nov 2021 | 15:49:07,631 | INFO  | main | bootLogger |     | SocketReader started
15 Nov 2021 | 15:49:07,631 | INFO  | main | bootLogger |     | SocketAcceptor initialized
15 Nov 2021 | 15:49:07,631 | INFO  | main | bootLogger |     | [[[ ===--- Boot sequence complete ---=== ]]]
15 Nov 2021 | 16:01:18,187 | INFO  | main | bootLogger |     | SmartFoxServer 2X
15 Nov 2021 | 16:01:18,188 | INFO  | main | bootLogger |     | BitSwarmEngine version: 3.71.0 { main }
15 Nov 2021 | 16:01:18,188 | INFO  | main | bootLogger |     | System Info:
	Processor(s): 12
	VM Max. memory: 3806MB
	os.name: Windows 10
	os.arch: amd64
	os.version: 10.0
	java.version: 1.8.0_232
	java.vendor: AdoptOpenJDK
	java.vendor.url: http://java.oracle.com/
	java.vm.specification.version: 1.8
	java.vm.version: 25.232-b09
	java.vm.vendor: 
	java.vm.name: OpenJDK 64-Bit Server VM
	java.io.tmpdir: C:\Users\Vesper\AppData\Local\Temp\
	Default charset: UTF-8

15 Nov 2021 | 16:01:18,277 | INFO  | main | bootLogger |     | Network Info:
	Card: Software Loopback Interface 1
		 ->127.0.0.1
		 ->0:0:0:0:0:0:0:1
	Card: Microsoft 6to4 Adapter
	Card: WAN Miniport (IP)
	Card: WAN Miniport (Network Monitor)
	Card: WAN Miniport (L2TP)
	Card: Microsoft IP-HTTPS Platform Adapter
	Card: Microsoft Kernel Debug Network Adapter
	Card: WAN Miniport (PPPOE)
	Card: LogMeIn Hamachi Virtual Ethernet Adapter
	Card: Microsoft Wi-Fi Direct Virtual Adapter
		 ->fe80:0:0:0:64d5:f867:b625:4b2b%wlan0
	Card: Microsoft Teredo Tunneling Adapter
	Card: Intel(R) Wireless-AC 9260 160MHz
		 ->fe80:0:0:0:c5ed:7072:f4f6:b44a%wlan1
	Card: WAN Miniport (IKEv2)
	Card: WAN Miniport (SSTP)
	Card: WAN Miniport (IPv6)
	Card: Bluetooth Device (Personal Area Network)
	Card: Intel(R) I211 Gigabit Network Connection
		 ->10.169.199.122
		 ->fe80:0:0:0:1033:715:660f:d65c%eth6
	Card: Microsoft Wi-Fi Direct Virtual Adapter #2
		 ->fe80:0:0:0:745e:97ab:aef7:57c5%wlan2
	Card: WAN Miniport (PPTP)
	Card: Intel(R) I211 Gigabit Network Connection-WFP Native MAC Layer LightWeight Filter-0000
	Card: Intel(R) I211 Gigabit Network Connection-QoS Packet Scheduler-0000
	Card: Intel(R) I211 Gigabit Network Connection-WFP 802.3 MAC Layer LightWeight Filter-0000
	Card: Intel(R) Wireless-AC 9260 160MHz-WFP Native MAC Layer LightWeight Filter-0000
	Card: Intel(R) Wireless-AC 9260 160MHz-Virtual WiFi Filter Driver-0000
	Card: Intel(R) Wireless-AC 9260 160MHz-Native WiFi Filter Driver-0000
	Card: Intel(R) Wireless-AC 9260 160MHz-QoS Packet Scheduler-0000
	Card: Intel(R) Wireless-AC 9260 160MHz-WFP 802.3 MAC Layer LightWeight Filter-0000
	Card: Microsoft Wi-Fi Direct Virtual Adapter-WFP Native MAC Layer LightWeight Filter-0000
	Card: Microsoft Wi-Fi Direct Virtual Adapter-Native WiFi Filter Driver-0000
	Card: Microsoft Wi-Fi Direct Virtual Adapter-QoS Packet Scheduler-0000
	Card: Microsoft Wi-Fi Direct Virtual Adapter-WFP 802.3 MAC Layer LightWeight Filter-0000
	Card: WAN Miniport (IP)-WFP Native MAC Layer LightWeight Filter-0000
	Card: WAN Miniport (IP)-QoS Packet Scheduler-0000
	Card: WAN Miniport (IPv6)-WFP Native MAC Layer LightWeight Filter-0000
	Card: WAN Miniport (IPv6)-QoS Packet Scheduler-0000
	Card: WAN Miniport (Network Monitor)-WFP Native MAC Layer LightWeight Filter-0000
	Card: WAN Miniport (Network Monitor)-QoS Packet Scheduler-0000
	Card: Microsoft Wi-Fi Direct Virtual Adapter #2-WFP Native MAC Layer LightWeight Filter-0000
	Card: Microsoft Wi-Fi Direct Virtual Adapter #2-Native WiFi Filter Driver-0000
	Card: Microsoft Wi-Fi Direct Virtual Adapter #2-QoS Packet Scheduler-0000
	Card: Microsoft Wi-Fi Direct Virtual Adapter #2-WFP 802.3 MAC Layer LightWeight Filter-0000

15 Nov 2021 | 16:01:18,281 | INFO  | main | bootLogger |     | Session manager ready: com.smartfoxserver.bitswarm.sessions.DefaultSessionManager@350aac89
15 Nov 2021 | 16:01:18,396 | INFO  | main | bootLogger |     | TCP Selector opened
15 Nov 2021 | 16:01:18,400 | INFO  | main | bootLogger |     | UDP Selector opened
15 Nov 2021 | 16:01:18,403 | INFO  | main | bootLogger |     | AcceptSelector opened
15 Nov 2021 | 16:01:18,403 | INFO  | main | bootLogger |     | DatagramChannel cache size: 80
15 Nov 2021 | 16:01:18,406 | INFO  | main | bootLogger |     | Added bound tcp socket --> 0.0.0.0:9933
15 Nov 2021 | 16:01:18,411 | INFO  | main | bootLogger |     | Added bound udp socket --> 127.0.0.1:9933
15 Nov 2021 | 16:01:18,412 | INFO  | main | bootLogger |     | Controller started: com.smartfoxserver.v2.controllers.v290.SystemReqController 
15 Nov 2021 | 16:01:18,412 | INFO  | Scheduler1-thread-1 | bootLogger |     | Scheduler started: scheduler
15 Nov 2021 | 16:01:18,412 | INFO  | main | bootLogger |     | Controller started: com.smartfoxserver.v2.controllers.v290.ExtensionReqController 
15 Nov 2021 | 16:01:18,412 | INFO  | main | bootLogger |     | Controller started: com.smartfoxserver.v2.controllers.v290.SmasherReqController 
15 Nov 2021 | 16:01:18,420 | INFO  | main | bootLogger |     | SocketWriter v3 started (TCP pool size: 3, UDP pool size: 3 
15 Nov 2021 | 16:01:18,420 | INFO  | main | bootLogger |     | Security Manager started
15 Nov 2021 | 16:01:18,422 | INFO  | main | bootLogger |     | DatagramReader started
15 Nov 2021 | 16:01:18,422 | INFO  | main | bootLogger |     | IOHandler: com.smartfoxserver.v2.protocol.SFSIoHandler@1500b2f3
15 Nov 2021 | 16:01:18,422 | INFO  | main | bootLogger |     | SocketReader started
15 Nov 2021 | 16:01:18,422 | INFO  | main | bootLogger |     | SocketAcceptor initialized
15 Nov 2021 | 16:01:18,422 | INFO  | main | bootLogger |     | [[[ ===--- Boot sequence complete ---=== ]]]
15 Nov 2021 | 16:22:54,886 | INFO  | main | bootLogger |     | SmartFoxServer 2X
15 Nov 2021 | 16:22:54,887 | INFO  | main | bootLogger |     | BitSwarmEngine version: 3.71.0 { main }
15 Nov 2021 | 16:22:54,888 | INFO  | main | bootLogger |     | System Info:
	Processor(s): 12
	VM Max. memory: 3806MB
	os.name: Windows 10
	os.arch: amd64
	os.version: 10.0
	java.version: 1.8.0_232
	java.vendor: AdoptOpenJDK
	java.vendor.url: http://java.oracle.com/
	java.vm.specification.version: 1.8
	java.vm.version: 25.232-b09
	java.vm.vendor: 
	java.vm.name: OpenJDK 64-Bit Server VM
	java.io.tmpdir: C:\Users\Vesper\AppData\Local\Temp\
	Default charset: UTF-8

15 Nov 2021 | 16:22:55,043 | INFO  | main | bootLogger |     | Network Info:
	Card: Software Loopback Interface 1
		 ->127.0.0.1
		 ->0:0:0:0:0:0:0:1
	Card: Microsoft 6to4 Adapter
	Card: WAN Miniport (IP)
	Card: WAN Miniport (Network Monitor)
	Card: WAN Miniport (L2TP)
	Card: Microsoft IP-HTTPS Platform Adapter
	Card: Microsoft Kernel Debug Network Adapter
	Card: WAN Miniport (PPPOE)
	Card: LogMeIn Hamachi Virtual Ethernet Adapter
	Card: Microsoft Wi-Fi Direct Virtual Adapter
		 ->fe80:0:0:0:64d5:f867:b625:4b2b%wlan0
	Card: Microsoft Teredo Tunneling Adapter
	Card: Intel(R) Wireless-AC 9260 160MHz
		 ->fe80:0:0:0:c5ed:7072:f4f6:b44a%wlan1
	Card: WAN Miniport (IKEv2)
	Card: WAN Miniport (SSTP)
	Card: WAN Miniport (IPv6)
	Card: Bluetooth Device (Personal Area Network)
	Card: Intel(R) I211 Gigabit Network Connection
		 ->10.169.199.122
		 ->fe80:0:0:0:1033:715:660f:d65c%eth6
	Card: Microsoft Wi-Fi Direct Virtual Adapter #2
		 ->fe80:0:0:0:745e:97ab:aef7:57c5%wlan2
	Card: WAN Miniport (PPTP)
	Card: Intel(R) I211 Gigabit Network Connection-WFP Native MAC Layer LightWeight Filter-0000
	Card: Intel(R) I211 Gigabit Network Connection-QoS Packet Scheduler-0000
	Card: Intel(R) I211 Gigabit Network Connection-WFP 802.3 MAC Layer LightWeight Filter-0000
	Card: Intel(R) Wireless-AC 9260 160MHz-WFP Native MAC Layer LightWeight Filter-0000
	Card: Intel(R) Wireless-AC 9260 160MHz-Virtual WiFi Filter Driver-0000
	Card: Intel(R) Wireless-AC 9260 160MHz-Native WiFi Filter Driver-0000
	Card: Intel(R) Wireless-AC 9260 160MHz-QoS Packet Scheduler-0000
	Card: Intel(R) Wireless-AC 9260 160MHz-WFP 802.3 MAC Layer LightWeight Filter-0000
	Card: Microsoft Wi-Fi Direct Virtual Adapter-WFP Native MAC Layer LightWeight Filter-0000
	Card: Microsoft Wi-Fi Direct Virtual Adapter-Native WiFi Filter Driver-0000
	Card: Microsoft Wi-Fi Direct Virtual Adapter-QoS Packet Scheduler-0000
	Card: Microsoft Wi-Fi Direct Virtual Adapter-WFP 802.3 MAC Layer LightWeight Filter-0000
	Card: WAN Miniport (IP)-WFP Native MAC Layer LightWeight Filter-0000
	Card: WAN Miniport (IP)-QoS Packet Scheduler-0000
	Card: WAN Miniport (IPv6)-WFP Native MAC Layer LightWeight Filter-0000
	Card: WAN Miniport (IPv6)-QoS Packet Scheduler-0000
	Card: WAN Miniport (Network Monitor)-WFP Native MAC Layer LightWeight Filter-0000
	Card: WAN Miniport (Network Monitor)-QoS Packet Scheduler-0000
	Card: Microsoft Wi-Fi Direct Virtual Adapter #2-WFP Native MAC Layer LightWeight Filter-0000
	Card: Microsoft Wi-Fi Direct Virtual Adapter #2-Native WiFi Filter Driver-0000
	Card: Microsoft Wi-Fi Direct Virtual Adapter #2-QoS Packet Scheduler-0000
	Card: Microsoft Wi-Fi Direct Virtual Adapter #2-WFP 802.3 MAC Layer LightWeight Filter-0000

15 Nov 2021 | 16:22:55,049 | INFO  | main | bootLogger |     | Session manager ready: com.smartfoxserver.bitswarm.sessions.DefaultSessionManager@350aac89
15 Nov 2021 | 16:22:55,196 | INFO  | main | bootLogger |     | TCP Selector opened
15 Nov 2021 | 16:22:55,204 | INFO  | main | bootLogger |     | UDP Selector opened
15 Nov 2021 | 16:22:55,208 | INFO  | main | bootLogger |     | AcceptSelector opened
15 Nov 2021 | 16:22:55,208 | INFO  | main | bootLogger |     | DatagramChannel cache size: 80
15 Nov 2021 | 16:22:55,213 | INFO  | main | bootLogger |     | Added bound tcp socket --> 0.0.0.0:9933
15 Nov 2021 | 16:22:55,221 | INFO  | main | bootLogger |     | Added bound udp socket --> 127.0.0.1:9933
15 Nov 2021 | 16:22:55,221 | INFO  | main | bootLogger |     | Controller started: com.smartfoxserver.v2.controllers.v290.SystemReqController 
15 Nov 2021 | 16:22:55,221 | INFO  | main | bootLogger |     | Controller started: com.smartfoxserver.v2.controllers.v290.ExtensionReqController 
15 Nov 2021 | 16:22:55,222 | INFO  | main | bootLogger |     | Controller started: com.smartfoxserver.v2.controllers.v290.SmasherReqController 
15 Nov 2021 | 16:22:55,223 | INFO  | main | bootLogger |     | SocketWriter v3 started (TCP pool size: 3, UDP pool size: 3 
15 Nov 2021 | 16:22:55,224 | INFO  | main | bootLogger |     | Security Manager started
15 Nov 2021 | 16:22:55,226 | INFO  | main | bootLogger |     | DatagramReader started
15 Nov 2021 | 16:22:55,226 | INFO  | main | bootLogger |     | IOHandler: com.smartfoxserver.v2.protocol.SFSIoHandler@1500b2f3
15 Nov 2021 | 16:22:55,226 | INFO  | main | bootLogger |     | SocketReader started
15 Nov 2021 | 16:22:55,226 | INFO  | main | bootLogger |     | SocketAcceptor initialized
15 Nov 2021 | 16:22:55,226 | INFO  | main | bootLogger |     | [[[ ===--- Boot sequence complete ---=== ]]]
15 Nov 2021 | 16:22:55,258 | INFO  | Scheduler1-thread-1 | bootLogger |     | Scheduler started: scheduler
15 Nov 2021 | 16:25:24,860 | INFO  | main | bootLogger |     | SmartFoxServer 2X
15 Nov 2021 | 16:25:24,862 | INFO  | main | bootLogger |     | BitSwarmEngine version: 3.71.0 { main }
15 Nov 2021 | 16:25:24,863 | INFO  | main | bootLogger |     | System Info:
	Processor(s): 12
	VM Max. memory: 3806MB
	os.name: Windows 10
	os.arch: amd64
	os.version: 10.0
	java.version: 1.8.0_232
	java.vendor: AdoptOpenJDK
	java.vendor.url: http://java.oracle.com/
	java.vm.specification.version: 1.8
	java.vm.version: 25.232-b09
	java.vm.vendor: 
	java.vm.name: OpenJDK 64-Bit Server VM
	java.io.tmpdir: C:\Users\Vesper\AppData\Local\Temp\
	Default charset: UTF-8

15 Nov 2021 | 16:25:25,016 | INFO  | main | bootLogger |     | Network Info:
	Card: Software Loopback Interface 1
		 ->127.0.0.1
		 ->0:0:0:0:0:0:0:1
	Card: Microsoft 6to4 Adapter
	Card: WAN Miniport (IP)
	Card: WAN Miniport (Network Monitor)
	Card: WAN Miniport (L2TP)
	Card: Microsoft IP-HTTPS Platform Adapter
	Card: Microsoft Kernel Debug Network Adapter
	Card: WAN Miniport (PPPOE)
	Card: LogMeIn Hamachi Virtual Ethernet Adapter
	Card: Microsoft Wi-Fi Direct Virtual Adapter
		 ->fe80:0:0:0:64d5:f867:b625:4b2b%wlan0
	Card: Microsoft Teredo Tunneling Adapter
	Card: Intel(R) Wireless-AC 9260 160MHz
		 ->fe80:0:0:0:c5ed:7072:f4f6:b44a%wlan1
	Card: WAN Miniport (IKEv2)
	Card: WAN Miniport (SSTP)
	Card: WAN Miniport (IPv6)
	Card: Bluetooth Device (Personal Area Network)
	Card: Intel(R) I211 Gigabit Network Connection
		 ->10.169.199.122
		 ->fe80:0:0:0:1033:715:660f:d65c%eth6
	Card: Microsoft Wi-Fi Direct Virtual Adapter #2
		 ->fe80:0:0:0:745e:97ab:aef7:57c5%wlan2
	Card: WAN Miniport (PPTP)
	Card: Intel(R) I211 Gigabit Network Connection-WFP Native MAC Layer LightWeight Filter-0000
	Card: Intel(R) I211 Gigabit Network Connection-QoS Packet Scheduler-0000
	Card: Intel(R) I211 Gigabit Network Connection-WFP 802.3 MAC Layer LightWeight Filter-0000
	Card: Intel(R) Wireless-AC 9260 160MHz-WFP Native MAC Layer LightWeight Filter-0000
	Card: Intel(R) Wireless-AC 9260 160MHz-Virtual WiFi Filter Driver-0000
	Card: Intel(R) Wireless-AC 9260 160MHz-Native WiFi Filter Driver-0000
	Card: Intel(R) Wireless-AC 9260 160MHz-QoS Packet Scheduler-0000
	Card: Intel(R) Wireless-AC 9260 160MHz-WFP 802.3 MAC Layer LightWeight Filter-0000
	Card: Microsoft Wi-Fi Direct Virtual Adapter-WFP Native MAC Layer LightWeight Filter-0000
	Card: Microsoft Wi-Fi Direct Virtual Adapter-Native WiFi Filter Driver-0000
	Card: Microsoft Wi-Fi Direct Virtual Adapter-QoS Packet Scheduler-0000
	Card: Microsoft Wi-Fi Direct Virtual Adapter-WFP 802.3 MAC Layer LightWeight Filter-0000
	Card: WAN Miniport (IP)-WFP Native MAC Layer LightWeight Filter-0000
	Card: WAN Miniport (IP)-QoS Packet Scheduler-0000
	Card: WAN Miniport (IPv6)-WFP Native MAC Layer LightWeight Filter-0000
	Card: WAN Miniport (IPv6)-QoS Packet Scheduler-0000
	Card: WAN Miniport (Network Monitor)-WFP Native MAC Layer LightWeight Filter-0000
	Card: WAN Miniport (Network Monitor)-QoS Packet Scheduler-0000
	Card: Microsoft Wi-Fi Direct Virtual Adapter #2-WFP Native MAC Layer LightWeight Filter-0000
	Card: Microsoft Wi-Fi Direct Virtual Adapter #2-Native WiFi Filter Driver-0000
	Card: Microsoft Wi-Fi Direct Virtual Adapter #2-QoS Packet Scheduler-0000
	Card: Microsoft Wi-Fi Direct Virtual Adapter #2-WFP 802.3 MAC Layer LightWeight Filter-0000

15 Nov 2021 | 16:25:25,022 | INFO  | main | bootLogger |     | Session manager ready: com.smartfoxserver.bitswarm.sessions.DefaultSessionManager@350aac89
15 Nov 2021 | 16:25:25,195 | INFO  | main | bootLogger |     | TCP Selector opened
15 Nov 2021 | 16:25:25,201 | INFO  | main | bootLogger |     | UDP Selector opened
15 Nov 2021 | 16:25:25,204 | INFO  | main | bootLogger |     | AcceptSelector opened
15 Nov 2021 | 16:25:25,205 | INFO  | main | bootLogger |     | DatagramChannel cache size: 80
15 Nov 2021 | 16:25:25,210 | INFO  | main | bootLogger |     | Added bound tcp socket --> 0.0.0.0:9933
15 Nov 2021 | 16:25:25,221 | INFO  | main | bootLogger |     | Added bound udp socket --> 127.0.0.1:9933
15 Nov 2021 | 16:25:25,222 | INFO  | main | bootLogger |     | Controller started: com.smartfoxserver.v2.controllers.v290.SystemReqController 
15 Nov 2021 | 16:25:25,222 | INFO  | main | bootLogger |     | Controller started: com.smartfoxserver.v2.controllers.v290.ExtensionReqController 
15 Nov 2021 | 16:25:25,222 | INFO  | Scheduler1-thread-1 | bootLogger |     | Scheduler started: scheduler
15 Nov 2021 | 16:25:25,222 | INFO  | main | bootLogger |     | Controller started: com.smartfoxserver.v2.controllers.v290.SmasherReqController 
15 Nov 2021 | 16:25:25,232 | INFO  | main | bootLogger |     | SocketWriter v3 started (TCP pool size: 3, UDP pool size: 3 
15 Nov 2021 | 16:25:25,233 | INFO  | main | bootLogger |     | Security Manager started
15 Nov 2021 | 16:25:25,235 | INFO  | main | bootLogger |     | DatagramReader started
15 Nov 2021 | 16:25:25,235 | INFO  | main | bootLogger |     | IOHandler: com.smartfoxserver.v2.protocol.SFSIoHandler@1500b2f3
15 Nov 2021 | 16:25:25,235 | INFO  | main | bootLogger |     | SocketReader started
15 Nov 2021 | 16:25:25,236 | INFO  | main | bootLogger |     | SocketAcceptor initialized
15 Nov 2021 | 16:25:25,236 | INFO  | main | bootLogger |     | [[[ ===--- Boot sequence complete ---=== ]]]
15 Nov 2021 | 16:33:12,535 | INFO  | main | bootLogger |     | SmartFoxServer 2X
15 Nov 2021 | 16:33:12,537 | INFO  | main | bootLogger |     | BitSwarmEngine version: 3.71.0 { main }
15 Nov 2021 | 16:33:12,537 | INFO  | main | bootLogger |     | System Info:
	Processor(s): 12
	VM Max. memory: 3806MB
	os.name: Windows 10
	os.arch: amd64
	os.version: 10.0
	java.version: 1.8.0_232
	java.vendor: AdoptOpenJDK
	java.vendor.url: http://java.oracle.com/
	java.vm.specification.version: 1.8
	java.vm.version: 25.232-b09
	java.vm.vendor: 
	java.vm.name: OpenJDK 64-Bit Server VM
	java.io.tmpdir: C:\Users\Vesper\AppData\Local\Temp\
	Default charset: UTF-8

15 Nov 2021 | 16:33:12,669 | INFO  | main | bootLogger |     | Network Info:
	Card: Software Loopback Interface 1
		 ->127.0.0.1
		 ->0:0:0:0:0:0:0:1
	Card: Microsoft 6to4 Adapter
	Card: WAN Miniport (IP)
	Card: WAN Miniport (Network Monitor)
	Card: WAN Miniport (L2TP)
	Card: Microsoft IP-HTTPS Platform Adapter
	Card: Microsoft Kernel Debug Network Adapter
	Card: WAN Miniport (PPPOE)
	Card: LogMeIn Hamachi Virtual Ethernet Adapter
	Card: Microsoft Wi-Fi Direct Virtual Adapter
		 ->fe80:0:0:0:64d5:f867:b625:4b2b%wlan0
	Card: Microsoft Teredo Tunneling Adapter
	Card: Intel(R) Wireless-AC 9260 160MHz
		 ->fe80:0:0:0:c5ed:7072:f4f6:b44a%wlan1
	Card: WAN Miniport (IKEv2)
	Card: WAN Miniport (SSTP)
	Card: WAN Miniport (IPv6)
	Card: Bluetooth Device (Personal Area Network)
	Card: Intel(R) I211 Gigabit Network Connection
		 ->10.169.199.122
		 ->fe80:0:0:0:1033:715:660f:d65c%eth6
	Card: Microsoft Wi-Fi Direct Virtual Adapter #2
		 ->fe80:0:0:0:745e:97ab:aef7:57c5%wlan2
	Card: WAN Miniport (PPTP)
	Card: Intel(R) I211 Gigabit Network Connection-WFP Native MAC Layer LightWeight Filter-0000
	Card: Intel(R) I211 Gigabit Network Connection-QoS Packet Scheduler-0000
	Card: Intel(R) I211 Gigabit Network Connection-WFP 802.3 MAC Layer LightWeight Filter-0000
	Card: Intel(R) Wireless-AC 9260 160MHz-WFP Native MAC Layer LightWeight Filter-0000
	Card: Intel(R) Wireless-AC 9260 160MHz-Virtual WiFi Filter Driver-0000
	Card: Intel(R) Wireless-AC 9260 160MHz-Native WiFi Filter Driver-0000
	Card: Intel(R) Wireless-AC 9260 160MHz-QoS Packet Scheduler-0000
	Card: Intel(R) Wireless-AC 9260 160MHz-WFP 802.3 MAC Layer LightWeight Filter-0000
	Card: Microsoft Wi-Fi Direct Virtual Adapter-WFP Native MAC Layer LightWeight Filter-0000
	Card: Microsoft Wi-Fi Direct Virtual Adapter-Native WiFi Filter Driver-0000
	Card: Microsoft Wi-Fi Direct Virtual Adapter-QoS Packet Scheduler-0000
	Card: Microsoft Wi-Fi Direct Virtual Adapter-WFP 802.3 MAC Layer LightWeight Filter-0000
	Card: WAN Miniport (IP)-WFP Native MAC Layer LightWeight Filter-0000
	Card: WAN Miniport (IP)-QoS Packet Scheduler-0000
	Card: WAN Miniport (IPv6)-WFP Native MAC Layer LightWeight Filter-0000
	Card: WAN Miniport (IPv6)-QoS Packet Scheduler-0000
	Card: WAN Miniport (Network Monitor)-WFP Native MAC Layer LightWeight Filter-0000
	Card: WAN Miniport (Network Monitor)-QoS Packet Scheduler-0000
	Card: Microsoft Wi-Fi Direct Virtual Adapter #2-WFP Native MAC Layer LightWeight Filter-0000
	Card: Microsoft Wi-Fi Direct Virtual Adapter #2-Native WiFi Filter Driver-0000
	Card: Microsoft Wi-Fi Direct Virtual Adapter #2-QoS Packet Scheduler-0000
	Card: Microsoft Wi-Fi Direct Virtual Adapter #2-WFP 802.3 MAC Layer LightWeight Filter-0000

15 Nov 2021 | 16:33:12,673 | INFO  | main | bootLogger |     | Session manager ready: com.smartfoxserver.bitswarm.sessions.DefaultSessionManager@350aac89
15 Nov 2021 | 16:33:12,847 | INFO  | main | bootLogger |     | TCP Selector opened
15 Nov 2021 | 16:33:12,858 | INFO  | main | bootLogger |     | UDP Selector opened
15 Nov 2021 | 16:33:12,862 | INFO  | main | bootLogger |     | AcceptSelector opened
15 Nov 2021 | 16:33:12,862 | INFO  | main | bootLogger |     | DatagramChannel cache size: 80
15 Nov 2021 | 16:33:12,868 | INFO  | main | bootLogger |     | Added bound tcp socket --> 0.0.0.0:9933
15 Nov 2021 | 16:33:12,875 | INFO  | main | bootLogger |     | Added bound udp socket --> 127.0.0.1:9933
15 Nov 2021 | 16:33:12,876 | INFO  | main | bootLogger |     | Controller started: com.smartfoxserver.v2.controllers.v290.SystemReqController 
15 Nov 2021 | 16:33:12,876 | INFO  | Scheduler1-thread-1 | bootLogger |     | Scheduler started: scheduler
15 Nov 2021 | 16:33:12,876 | INFO  | main | bootLogger |     | Controller started: com.smartfoxserver.v2.controllers.v290.ExtensionReqController 
15 Nov 2021 | 16:33:12,877 | INFO  | main | bootLogger |     | Controller started: com.smartfoxserver.v2.controllers.v290.SmasherReqController 
15 Nov 2021 | 16:33:12,887 | INFO  | main | bootLogger |     | SocketWriter v3 started (TCP pool size: 3, UDP pool size: 3 
15 Nov 2021 | 16:33:12,888 | INFO  | main | bootLogger |     | Security Manager started
15 Nov 2021 | 16:33:12,889 | INFO  | main | bootLogger |     | DatagramReader started
15 Nov 2021 | 16:33:12,890 | INFO  | main | bootLogger |     | IOHandler: com.smartfoxserver.v2.protocol.SFSIoHandler@1500b2f3
15 Nov 2021 | 16:33:12,890 | INFO  | main | bootLogger |     | SocketReader started
15 Nov 2021 | 16:33:12,890 | INFO  | main | bootLogger |     | SocketAcceptor initialized
15 Nov 2021 | 16:33:12,890 | INFO  | main | bootLogger |     | [[[ ===--- Boot sequence complete ---=== ]]]
